<?xml version="1.0" encoding="UTF-8"?>
<!-- Generated by org.testng.reporters.JUnitReportReporter -->
<testsuite hostname="DESKTOP-FBMB0MM" failures="0" tests="1" name="com.crudOperationWithBDD.GetAllProjectsUsingBDD" time="2.571" errors="0" timestamp="28 Oct 2021 07:11:39 GMT" skipped="0">
  <testcase classname="com.crudOperationWithBDD.GetAllProjectsUsingBDD" name="getAllProjectsUsingBDD" time="2.571"/>
</testsuite> <!-- com.crudOperationWithBDD.GetAllProjectsUsingBDD -->
